Build started 2013-05-17 20:15:06.
     1>Project "D:\C++\visual\Interpreter\Interpreter\Interpreter.vcxproj" on node 2 (build target(s)).
     1>InitializeBuildStatus:
         Touching "Debug\Interpreter.unsuccessfulbuild".
       ClCompile:
         D:\Program Files (x86)\Microsoft Visual Studio 10.0\VC\bin\CL.exe /c /ZI /nologo /W3 /WX- /Od /Oy- /D WIN32 /D _DEBUG /D _CONSOLE /D _UNICODE /D UNICODE /Gm /EHsc /RTC1 /MDd /GS /fp:precise /Zc:wchar_t /Zc:forScope /Fo"Debug\\" /Fd"Debug\vc100.pdb" /Gd /TP /analyze- /errorReport:prompt SyntaxAnalyzer.cpp
         SyntaxAnalyzer.cpp
       ManifestResourceCompile:
         All outputs are up-to-date.
       Link:
         D:\Program Files (x86)\Microsoft Visual Studio 10.0\VC\bin\link.exe /ERRORREPORT:PROMPT /OUT:"D:\C++\visual\Interpreter\Debug\Interpreter.exe" /INCREMENTAL /NOLOGO kernel32.lib user32.lib gdi32.lib winspool.lib comdlg32.lib advapi32.lib shell32.lib ole32.lib oleaut32.lib uuid.lib odbc32.lib odbccp32.lib /MANIFEST /ManifestFile:"Debug\Interpreter.exe.intermediate.manifest" /MANIFESTUAC:"level='asInvoker' uiAccess='false'" /DEBUG /PDB:"D:\C++\visual\Interpreter\Debug\Interpreter.pdb" /SUBSYSTEM:CONSOLE /TLBID:1 /DYNAMICBASE /NXCOMPAT /IMPLIB:"D:\C++\visual\Interpreter\Debug\Interpreter.lib" /MACHINE:X86 Debug\Interpreter.exe.embed.manifest.res
         Debug\AssigmentInstruction.obj
         Debug\DeclarationInstruction.obj
         Debug\ExpressionInstruction.obj
         Debug\Fraction.obj
         Debug\FunDeclarationInstruction.obj
         Debug\FunInstruction.obj
         Debug\IfInstruction.obj
         Debug\Interpreter.obj
         Debug\LexicalAnalyzer.obj
         Debug\main.obj
         Debug\PrintInstruction.obj
         Debug\SourceReader.obj
         Debug\SyntaxAnalyzer.obj
         Debug\WhileInstruction.obj
     1>SyntaxAnalyzer.obj : error LNK2019: unresolved external symbol "private: bool __thiscall SyntaxAnalyzer::InstructionS(void)" (?InstructionS@SyntaxAnalyzer@@AAE_NXZ) referenced in function "private: bool __thiscall SyntaxAnalyzer::ProgramLine(void)" (?ProgramLine@SyntaxAnalyzer@@AAE_NXZ)
     1>SyntaxAnalyzer.obj : error LNK2019: unresolved external symbol "private: bool __thiscall SyntaxAnalyzer::Block(void)" (?Block@SyntaxAnalyzer@@AAE_NXZ) referenced in function "private: bool __thiscall SyntaxAnalyzer::WhileStatement(void)" (?WhileStatement@SyntaxAnalyzer@@AAE_NXZ)
     1>SyntaxAnalyzer.obj : error LNK2019: unresolved external symbol "private: bool __thiscall SyntaxAnalyzer::FunBlock(void)" (?FunBlock@SyntaxAnalyzer@@AAE_NXZ) referenced in function "private: bool __thiscall SyntaxAnalyzer::FunStatement(void)" (?FunStatement@SyntaxAnalyzer@@AAE_NXZ)
     1>SyntaxAnalyzer.obj : error LNK2019: unresolved external symbol "private: bool __thiscall SyntaxAnalyzer::Params(void)" (?Params@SyntaxAnalyzer@@AAE_NXZ) referenced in function "private: bool __thiscall SyntaxAnalyzer::FunStatement(void)" (?FunStatement@SyntaxAnalyzer@@AAE_NXZ)
     1>SyntaxAnalyzer.obj : error LNK2019: unresolved external symbol "private: bool __thiscall SyntaxAnalyzer::RelOp(void)" (?RelOp@SyntaxAnalyzer@@AAE_NXZ) referenced in function "private: bool __thiscall SyntaxAnalyzer::Expression(void)" (?Expression@SyntaxAnalyzer@@AAE_NXZ)
     1>SyntaxAnalyzer.obj : error LNK2019: unresolved external symbol "private: bool __thiscall SyntaxAnalyzer::AndOp(void)" (?AndOp@SyntaxAnalyzer@@AAE_NXZ) referenced in function "private: bool __thiscall SyntaxAnalyzer::SimpleExpression(void)" (?SimpleExpression@SyntaxAnalyzer@@AAE_NXZ)
     1>SyntaxAnalyzer.obj : error LNK2019: unresolved external symbol "private: bool __thiscall SyntaxAnalyzer::OrOp(void)" (?OrOp@SyntaxAnalyzer@@AAE_NXZ) referenced in function "private: bool __thiscall SyntaxAnalyzer::AndExpression(void)" (?AndExpression@SyntaxAnalyzer@@AAE_NXZ)
     1>SyntaxAnalyzer.obj : error LNK2019: unresolved external symbol "private: bool __thiscall SyntaxAnalyzer::FunCall(void)" (?FunCall@SyntaxAnalyzer@@AAE_NXZ) referenced in function "private: bool __thiscall SyntaxAnalyzer::OrExpression(void)" (?OrExpression@SyntaxAnalyzer@@AAE_NXZ)
     1>SyntaxAnalyzer.obj : error LNK2019: unresolved external symbol "private: bool __thiscall SyntaxAnalyzer::FractConst(void)" (?FractConst@SyntaxAnalyzer@@AAE_NXZ) referenced in function "private: bool __thiscall SyntaxAnalyzer::OrExpression(void)" (?OrExpression@SyntaxAnalyzer@@AAE_NXZ)
     1>D:\C++\visual\Interpreter\Debug\Interpreter.exe : fatal error LNK1120: 9 unresolved externals
     1>Done Building Project "D:\C++\visual\Interpreter\Interpreter\Interpreter.vcxproj" (build target(s)) -- FAILED.

Build FAILED.

Time Elapsed 00:00:02.68
